CRITICAL - 2024-01-30 23:32:05 --> session_start(): A session had already been started - ignoring
in APPPATH\Views\function.php on line 4.
 1 [internal function]: CodeIgniter\Debug\Exceptions->errorHandler(8, 'session_start(): A session had already been started - ignoring', 'APPPATH\\Views\\function.php', 4, [...])
 2 APPPATH\Views\function.php(4): session_start()
 3 APPPATH\Views\masuk.php(2): require('APPPATH\\Views\\function.php')
 4 SYSTEMPATH\View\View.php(213): include('APPPATH\\Views\\masuk.php')
 5 SYSTEMPATH\View\View.php(216): CodeIgniter\View\View->CodeIgniter\View\{closure}()
 6 SYSTEMPATH\Common.php(1135): CodeIgniter\View\View->render('masuk', [], true)
 7 APPPATH\Controllers\Hal.php(154): view('masuk', [...])
 8 SYSTEMPATH\CodeIgniter.php(896): App\Controllers\Hal->masuk()
 9 SYSTEMPATH\CodeIgniter.php(466): CodeIgniter\CodeIgniter->runController(Object(App\Controllers\Hal))
10 SYSTEMPATH\CodeIgniter.php(349): CodeIgniter\CodeIgniter->handleRequest(null, Object(Config\Cache), false)
11 FCPATH\index.php(55): CodeIgniter\CodeIgniter->run()
CRITICAL - 2024-01-30 23:33:17 --> session_start(): A session had already been started - ignoring
in APPPATH\Views\function.php on line 4.
 1 [internal function]: CodeIgniter\Debug\Exceptions->errorHandler(8, 'session_start(): A session had already been started - ignoring', 'APPPATH\\Views\\function.php', 4, [...])
 2 APPPATH\Views\function.php(4): session_start()
 3 APPPATH\Views\masuk.php(2): require('APPPATH\\Views\\function.php')
 4 SYSTEMPATH\View\View.php(213): include('APPPATH\\Views\\masuk.php')
 5 SYSTEMPATH\View\View.php(216): CodeIgniter\View\View->CodeIgniter\View\{closure}()
 6 SYSTEMPATH\Common.php(1135): CodeIgniter\View\View->render('masuk', [], true)
 7 APPPATH\Controllers\Hal.php(154): view('masuk', [...])
 8 SYSTEMPATH\CodeIgniter.php(896): App\Controllers\Hal->masuk()
 9 SYSTEMPATH\CodeIgniter.php(466): CodeIgniter\CodeIgniter->runController(Object(App\Controllers\Hal))
10 SYSTEMPATH\CodeIgniter.php(349): CodeIgniter\CodeIgniter->handleRequest(null, Object(Config\Cache), false)
11 FCPATH\index.php(55): CodeIgniter\CodeIgniter->run()
CRITICAL - 2024-01-30 23:34:11 --> session_start(): A session had already been started - ignoring
in APPPATH\Views\function.php on line 4.
 1 [internal function]: CodeIgniter\Debug\Exceptions->errorHandler(8, 'session_start(): A session had already been started - ignoring', 'APPPATH\\Views\\function.php', 4, [...])
 2 APPPATH\Views\function.php(4): session_start()
 3 APPPATH\Views\masuk.php(2): require('APPPATH\\Views\\function.php')
 4 SYSTEMPATH\View\View.php(213): include('APPPATH\\Views\\masuk.php')
 5 SYSTEMPATH\View\View.php(216): CodeIgniter\View\View->CodeIgniter\View\{closure}()
 6 SYSTEMPATH\Common.php(1135): CodeIgniter\View\View->render('masuk', [], true)
 7 APPPATH\Controllers\Hal.php(154): view('masuk', [...])
 8 SYSTEMPATH\CodeIgniter.php(896): App\Controllers\Hal->masuk()
 9 SYSTEMPATH\CodeIgniter.php(466): CodeIgniter\CodeIgniter->runController(Object(App\Controllers\Hal))
10 SYSTEMPATH\CodeIgniter.php(349): CodeIgniter\CodeIgniter->handleRequest(null, Object(Config\Cache), false)
11 FCPATH\index.php(55): CodeIgniter\CodeIgniter->run()
CRITICAL - 2024-01-30 23:36:29 --> Table 'db_sistempendukungkeputusan.login' doesn't exist
in APPPATH\Views\masuk.php on line 9.
 1 APPPATH\Views\masuk.php(9): mysqli_query(Object(mysqli), 'SELECT * FROM login WHERE username = \'ferry\' AND password = \'123\'')
 2 SYSTEMPATH\View\View.php(213): include('APPPATH\\Views\\masuk.php')
 3 SYSTEMPATH\View\View.php(216): CodeIgniter\View\View->CodeIgniter\View\{closure}()
 4 SYSTEMPATH\Common.php(1135): CodeIgniter\View\View->render('masuk', [], true)
 5 APPPATH\Controllers\Hal.php(154): view('masuk', [...])
 6 SYSTEMPATH\CodeIgniter.php(896): App\Controllers\Hal->masuk()
 7 SYSTEMPATH\CodeIgniter.php(466): CodeIgniter\CodeIgniter->runController(Object(App\Controllers\Hal))
 8 SYSTEMPATH\CodeIgniter.php(349): CodeIgniter\CodeIgniter->handleRequest(null, Object(Config\Cache), false)
 9 FCPATH\index.php(55): CodeIgniter\CodeIgniter->run()
