CRITICAL - 2022-07-02 07:55:37 --> Undefined property: stdClass::$nik
in APPPATH\Views\hitung.php on line 106.
 1 APPPATH\Views\hitung.php(106): CodeIgniter\Debug\Exceptions->errorHandler(8, 'Undefined property: stdClass::$nik', 'APPPATH\\Views\\hitung.php', 106, [...])
 2 SYSTEMPATH\View\View.php(213): include('APPPATH\\Views\\hitung.php')
 3 SYSTEMPATH\View\View.php(216): CodeIgniter\View\View->CodeIgniter\View\{closure}()
 4 SYSTEMPATH\Common.php(1135): CodeIgniter\View\View->render('hitung', [], true)
 5 APPPATH\Controllers\Hal.php(114): view('hitung', [...])
 6 SYSTEMPATH\CodeIgniter.php(896): App\Controllers\Hal->hitung()
 7 SYSTEMPATH\CodeIgniter.php(466): CodeIgniter\CodeIgniter->runController(Object(App\Controllers\Hal))
 8 SYSTEMPATH\CodeIgniter.php(349): CodeIgniter\CodeIgniter->handleRequest(null, Object(Config\Cache), false)
 9 FCPATH\index.php(55): CodeIgniter\CodeIgniter->run()
10 SYSTEMPATH\Commands\Server\rewrite.php(43): require_once('FCPATH\\index.php')
CRITICAL - 2022-07-02 08:34:53 --> Undefined variable: trt
in APPPATH\Views\hitung2.php on line 135.
 1 APPPATH\Views\hitung2.php(135): CodeIgniter\Debug\Exceptions->errorHandler(8, 'Undefined variable: trt', 'APPPATH\\Views\\hitung2.php', 135, [...])
 2 SYSTEMPATH\View\View.php(213): include('APPPATH\\Views\\hitung2.php')
 3 SYSTEMPATH\View\View.php(216): CodeIgniter\View\View->CodeIgniter\View\{closure}()
 4 SYSTEMPATH\Common.php(1135): CodeIgniter\View\View->render('hitung2', [], true)
 5 APPPATH\Controllers\Hal.php(114): view('hitung2', [...])
 6 SYSTEMPATH\CodeIgniter.php(896): App\Controllers\Hal->hitung()
 7 SYSTEMPATH\CodeIgniter.php(466): CodeIgniter\CodeIgniter->runController(Object(App\Controllers\Hal))
 8 SYSTEMPATH\CodeIgniter.php(349): CodeIgniter\CodeIgniter->handleRequest(null, Object(Config\Cache), false)
 9 FCPATH\index.php(55): CodeIgniter\CodeIgniter->run()
10 SYSTEMPATH\Commands\Server\rewrite.php(43): require_once('FCPATH\\index.php')
CRITICAL - 2022-07-02 08:47:40 --> Call to undefined method CodeIgniter\Database\MySQLi\Builder::result()
in APPPATH\Controllers\Form_bantu.php on line 187.
 1 SYSTEMPATH\CodeIgniter.php(896): App\Controllers\Form_bantu->ahp()
 2 SYSTEMPATH\CodeIgniter.php(466): CodeIgniter\CodeIgniter->runController(Object(App\Controllers\Form_bantu))
 3 SYSTEMPATH\CodeIgniter.php(349): CodeIgniter\CodeIgniter->handleRequest(null, Object(Config\Cache), false)
 4 FCPATH\index.php(55): CodeIgniter\CodeIgniter->run()
 5 SYSTEMPATH\Commands\Server\rewrite.php(43): require_once('FCPATH\\index.php')
CRITICAL - 2022-07-02 08:51:03 --> Undefined variable: htg
in APPPATH\Views\hitung2.php on line 66.
 1 APPPATH\Views\hitung2.php(66): CodeIgniter\Debug\Exceptions->errorHandler(8, 'Undefined variable: htg', 'APPPATH\\Views\\hitung2.php', 66, [...])
 2 SYSTEMPATH\View\View.php(213): include('APPPATH\\Views\\hitung2.php')
 3 SYSTEMPATH\View\View.php(216): CodeIgniter\View\View->CodeIgniter\View\{closure}()
 4 SYSTEMPATH\Common.php(1135): CodeIgniter\View\View->render('hitung2', [], true)
 5 APPPATH\Controllers\Hal.php(115): view('hitung2', [...])
 6 SYSTEMPATH\CodeIgniter.php(896): App\Controllers\Hal->hitung()
 7 SYSTEMPATH\CodeIgniter.php(466): CodeIgniter\CodeIgniter->runController(Object(App\Controllers\Hal))
 8 SYSTEMPATH\CodeIgniter.php(349): CodeIgniter\CodeIgniter->handleRequest(null, Object(Config\Cache), false)
 9 FCPATH\index.php(55): CodeIgniter\CodeIgniter->run()
10 SYSTEMPATH\Commands\Server\rewrite.php(43): require_once('FCPATH\\index.php')
CRITICAL - 2022-07-02 09:48:02 --> Undefined offset: 1
in APPPATH\Views\hitung2.php on line 136.
 1 APPPATH\Views\hitung2.php(136): CodeIgniter\Debug\Exceptions->errorHandler(8, 'Undefined offset: 1', 'APPPATH\\Views\\hitung2.php', 136, [...])
 2 SYSTEMPATH\View\View.php(213): include('APPPATH\\Views\\hitung2.php')
 3 SYSTEMPATH\View\View.php(216): CodeIgniter\View\View->CodeIgniter\View\{closure}()
 4 SYSTEMPATH\Common.php(1135): CodeIgniter\View\View->render('hitung2', [], true)
 5 APPPATH\Controllers\Hal.php(133): view('hitung2', [...])
 6 SYSTEMPATH\CodeIgniter.php(896): App\Controllers\Hal->hitung()
 7 SYSTEMPATH\CodeIgniter.php(466): CodeIgniter\CodeIgniter->runController(Object(App\Controllers\Hal))
 8 SYSTEMPATH\CodeIgniter.php(349): CodeIgniter\CodeIgniter->handleRequest(null, Object(Config\Cache), false)
 9 FCPATH\index.php(55): CodeIgniter\CodeIgniter->run()
10 SYSTEMPATH\Commands\Server\rewrite.php(43): require_once('FCPATH\\index.php')
