CRITICAL - 2023-12-31 03:07:21 --> Division by zero
in APPPATH\Views\hitung.php on line 126.
 1 APPPATH\Views\hitung.php(126): CodeIgniter\Debug\Exceptions->errorHandler(2, 'Division by zero', 'APPPATH\\Views\\hitung.php', 126, [...])
 2 SYSTEMPATH\View\View.php(213): include('APPPATH\\Views\\hitung.php')
 3 SYSTEMPATH\View\View.php(216): CodeIgniter\View\View->CodeIgniter\View\{closure}()
 4 SYSTEMPATH\Common.php(1135): CodeIgniter\View\View->render('hitung', [], true)
 5 APPPATH\Controllers\Hal.php(138): view('hitung', [...])
 6 SYSTEMPATH\CodeIgniter.php(896): App\Controllers\Hal->hitung()
 7 SYSTEMPATH\CodeIgniter.php(466): CodeIgniter\CodeIgniter->runController(Object(App\Controllers\Hal))
 8 SYSTEMPATH\CodeIgniter.php(349): CodeIgniter\CodeIgniter->handleRequest(null, Object(Config\Cache), false)
 9 FCPATH\index.php(55): CodeIgniter\CodeIgniter->run()
CRITICAL - 2023-12-31 13:01:51 --> Division by zero
in APPPATH\Views\hitung.php on line 126.
 1 APPPATH\Views\hitung.php(126): CodeIgniter\Debug\Exceptions->errorHandler(2, 'Division by zero', 'APPPATH\\Views\\hitung.php', 126, [...])
 2 SYSTEMPATH\View\View.php(213): include('APPPATH\\Views\\hitung.php')
 3 SYSTEMPATH\View\View.php(216): CodeIgniter\View\View->CodeIgniter\View\{closure}()
 4 SYSTEMPATH\Common.php(1135): CodeIgniter\View\View->render('hitung', [], true)
 5 APPPATH\Controllers\Hal.php(138): view('hitung', [...])
 6 SYSTEMPATH\CodeIgniter.php(896): App\Controllers\Hal->hitung()
 7 SYSTEMPATH\CodeIgniter.php(466): CodeIgniter\CodeIgniter->runController(Object(App\Controllers\Hal))
 8 SYSTEMPATH\CodeIgniter.php(349): CodeIgniter\CodeIgniter->handleRequest(null, Object(Config\Cache), false)
 9 FCPATH\index.php(55): CodeIgniter\CodeIgniter->run()
CRITICAL - 2023-12-31 13:29:50 --> Too few arguments to function App\Controllers\Form_bantu::loadalt(), 0 passed in C:\xampp\htdocs\sistempendukungkeputusan21\system\CodeIgniter.php on line 896 and exactly 1 expected
in APPPATH\Controllers\Form_bantu.php on line 58.
 1 SYSTEMPATH\CodeIgniter.php(896): App\Controllers\Form_bantu->loadalt()
 2 SYSTEMPATH\CodeIgniter.php(466): CodeIgniter\CodeIgniter->runController(Object(App\Controllers\Form_bantu))
 3 SYSTEMPATH\CodeIgniter.php(349): CodeIgniter\CodeIgniter->handleRequest(null, Object(Config\Cache), false)
 4 FCPATH\index.php(55): CodeIgniter\CodeIgniter->run()
