CRITICAL - 2024-01-31 00:30:12 --> Undefined variable: logoprof
in APPPATH\Views\masuk.php on line 34.
 1 APPPATH\Views\masuk.php(34): CodeIgniter\Debug\Exceptions->errorHandler(8, 'Undefined variable: logoprof', 'APPPATH\\Views\\masuk.php', 34, [...])
 2 SYSTEMPATH\View\View.php(213): include('APPPATH\\Views\\masuk.php')
 3 SYSTEMPATH\View\View.php(216): CodeIgniter\View\View->CodeIgniter\View\{closure}()
 4 SYSTEMPATH\Common.php(1135): CodeIgniter\View\View->render('masuk', [], true)
 5 APPPATH\Controllers\Hal.php(154): view('masuk', [...])
 6 SYSTEMPATH\CodeIgniter.php(896): App\Controllers\Hal->masuk()
 7 SYSTEMPATH\CodeIgniter.php(466): CodeIgniter\CodeIgniter->runController(Object(App\Controllers\Hal))
 8 SYSTEMPATH\CodeIgniter.php(349): CodeIgniter\CodeIgniter->handleRequest(null, Object(Config\Cache), false)
 9 FCPATH\index.php(55): CodeIgniter\CodeIgniter->run()
CRITICAL - 2024-01-31 00:30:26 --> Undefined variable: logoprof
in APPPATH\Views\masuk.php on line 34.
 1 APPPATH\Views\masuk.php(34): CodeIgniter\Debug\Exceptions->errorHandler(8, 'Undefined variable: logoprof', 'APPPATH\\Views\\masuk.php', 34, [...])
 2 SYSTEMPATH\View\View.php(213): include('APPPATH\\Views\\masuk.php')
 3 SYSTEMPATH\View\View.php(216): CodeIgniter\View\View->CodeIgniter\View\{closure}()
 4 SYSTEMPATH\Common.php(1135): CodeIgniter\View\View->render('masuk', [], true)
 5 APPPATH\Controllers\Hal.php(154): view('masuk', [...])
 6 SYSTEMPATH\CodeIgniter.php(896): App\Controllers\Hal->masuk()
 7 SYSTEMPATH\CodeIgniter.php(466): CodeIgniter\CodeIgniter->runController(Object(App\Controllers\Hal))
 8 SYSTEMPATH\CodeIgniter.php(349): CodeIgniter\CodeIgniter->handleRequest(null, Object(Config\Cache), false)
 9 FCPATH\index.php(55): CodeIgniter\CodeIgniter->run()
CRITICAL - 2024-01-31 00:30:26 --> Undefined variable: logoprof
in APPPATH\Views\masuk.php on line 34.
 1 APPPATH\Views\masuk.php(34): CodeIgniter\Debug\Exceptions->errorHandler(8, 'Undefined variable: logoprof', 'APPPATH\\Views\\masuk.php', 34, [...])
 2 SYSTEMPATH\View\View.php(213): include('APPPATH\\Views\\masuk.php')
 3 SYSTEMPATH\View\View.php(216): CodeIgniter\View\View->CodeIgniter\View\{closure}()
 4 SYSTEMPATH\Common.php(1135): CodeIgniter\View\View->render('masuk', [], true)
 5 APPPATH\Controllers\Hal.php(154): view('masuk', [...])
 6 SYSTEMPATH\CodeIgniter.php(896): App\Controllers\Hal->masuk()
 7 SYSTEMPATH\CodeIgniter.php(466): CodeIgniter\CodeIgniter->runController(Object(App\Controllers\Hal))
 8 SYSTEMPATH\CodeIgniter.php(349): CodeIgniter\CodeIgniter->handleRequest(null, Object(Config\Cache), false)
 9 FCPATH\index.php(55): CodeIgniter\CodeIgniter->run()
